nohup: ignoring input
2018-11-28 20:51:39 WARNING  py.warnings  - /home/fangning141/anaconda5.3/envs/rasa_new/lib/python3.6/site-packages/h5py/__init__.py:36: FutureWarning: Conversion of the second argument of issubdtype from `float` to `np.floating` is deprecated. In future, it will be treated as `np.float64 == np.dtype(float).type`.
  from ._conv import register_converters as _register_converters

2018-11-28 20:51:49 INFO     rasa_nlu.components  - Added 'nlp_spacy' to component cache. Key 'nlp_spacy-../word2vector/model-final/'.
Building prefix dict from the default dictionary ...
Loading model from cache /tmp/jieba.cache
Loading model cost 0.418 seconds.
Prefix dict has been built succesfully.
2018-11-28 20:51:50.441259: I tensorflow/core/platform/cpu_feature_guard.cc:140] Your CPU supports instructions that this TensorFlow binary was not compiled to use: SSE4.1 SSE4.2 AVX AVX2 FMA
2018-11-28 20:51:50 INFO     tensorflow  - Restoring parameters from models/vip/demo/intent_classifier_tensorflow_embedding.ckpt
Using TensorFlow backend.
2018-11-28 20:51:50 WARNING  py.warnings  - /home/fangning141/anaconda5.3/envs/rasa_new/lib/python3.6/site-packages/pykwalify/core.py:99: UnsafeLoaderWarning: 
The default 'Loader' for 'load(stream)' without further arguments can be unsafe.
Use 'load(stream, Loader=ruamel.yaml.Loader)' explicitly if that is OK.
Alternatively include the following in your code:

  import warnings
  warnings.simplefilter('ignore', ruamel.yaml.error.UnsafeLoaderWarning)

In most other cases you should consider using 'safe_load(stream)'
  data = yaml.load(stream)

2018-11-28 20:51:50 WARNING  __main__  - Failed to load any agent model. Running Rasa Core server with out loaded model now. inconsistent use of tabs and spaces in indentation (bot.py, line 598)
2018-11-28 20:51:50 INFO     __main__  - Started http server on port 50005
2018-11-28 20:51:50 INFO     __main__  - Up and running
